<?xml version="1.0" encoding="UTF-8"?>
<testsuite name="SILab2Test" tests="1" skipped="0" failures="0" errors="0" timestamp="2024-05-27T01:38:33" hostname="DESKTOP-0BK4Q6N" time="0.053">
  <properties/>
  <testcase name="EveryBranch()" classname="SILab2Test" time="0.053"/>
  <system-out><![CDATA[]]></system-out>
  <system-err><![CDATA[]]></system-err>
</testsuite>
